[debug] [2025-12-04T16:01:16.280Z] ----------------------------------------------------------------------
[debug] [2025-12-04T16:01:16.295Z] Command:       C:\Program Files\nodejs\node.exe C:\Users\Windows\AppData\Roaming\npm\node_modules\firebase-tools\lib\bin\firebase.js init
[debug] [2025-12-04T16:01:16.295Z] CLI Version:   14.26.0
[debug] [2025-12-04T16:01:16.295Z] Platform:      win32
[debug] [2025-12-04T16:01:16.295Z] Node Version:  v24.11.1
[debug] [2025-12-04T16:01:16.295Z] Time:          Thu Dec 04 2025 23:01:16 GMT+0700 (Indochina Time)
[debug] [2025-12-04T16:01:16.295Z] ----------------------------------------------------------------------
[debug] 
[debug] [2025-12-04T16:01:16.297Z] >>> [apiv2][query] GET https://firebase-public.firebaseio.com/cli.json [none]
[info] 
     ######## #### ########  ######## ########     ###     ######  ########
     ##        ##  ##     ## ##       ##     ##  ##   ##  ##       ##
     ######    ##  ########  ######   ########  #########  ######  ######
     ##        ##  ##    ##  ##       ##     ## ##     ##       ## ##
     ##       #### ##     ## ######## ########  ##     ##  ######  ########

You're about to initialize a Firebase project in this directory:

  D:\TRUC\project-4503353

Before we get started, keep in mind:

  * You are initializing within an existing Firebase project directory

[debug] [2025-12-04T16:01:17.062Z] <<< [apiv2][status] GET https://firebase-public.firebaseio.com/cli.json 200
[debug] [2025-12-04T16:01:17.062Z] <<< [apiv2][body] GET https://firebase-public.firebaseio.com/cli.json {"cloudBuildErrorAfter":1594252800000,"cloudBuildWarnAfter":1590019200000,"defaultNode10After":1594252800000,"minVersion":"3.0.5","node8DeploysDisabledAfter":1613390400000,"node8RuntimeDisabledAfter":1615809600000,"node8WarnAfter":1600128000000}
[debug] [2025-12-04T16:02:24.425Z] ExitPromptError: User force closed the prompt with SIGINT
    at Interface.sigint (C:\Users\Windows\AppData\Roaming\npm\node_modules\firebase-tools\node_modules\@inquirer\core\dist\commonjs\lib\create-prompt.js:101:37)
    at Interface.emit (node:events:508:28)
    at Interface.emit (node:domain:489:12)
    at [_ttyWrite] [as _ttyWrite] (node:internal/readline/interface:1317:18)
    at ReadStream.onkeypress (node:internal/readline/interface:284:20)
    at ReadStream.emit (node:events:520:35)
    at ReadStream.emit (node:domain:489:12)
    at emitKeys (node:internal/readline/utils:371:14)
    at emitKeys.next (<anonymous>)
    at ReadStream.onData (node:internal/readline/emitKeypressEvents:64:36)
[error] 
[error] Error: An unexpected error has occurred.
